######################## CHANGES.log ########################

---------- [02-06-2019] ----------

- Version 1.0.0
- Repository created

----------------------------------

---------- [07-06-2019] ----------

- Version 1.0.1
- Add include_python_words.txt
- Add exclude_python_words.txt
- Allow execute each obfuscation features separately
- Correcting spelling errors in README and commentaries
- Code improvement
- Adding rules to replacement of variables - classes - functions
- Adding rules to padding random scripts 
- Change one file example and multiple files example (larger project)
- README.md file improvement

----------------------------------

---------- [15-06-2019] ----------

- Version 1.0.2
- Path change from include_python_words.txt path to include/python/include_python_words.txt
- Path change from exclude_python_words.txt path to include/python/exclude_python_words.txt
- Add a display tqdm bar progress  when  'replace', 'padding', 'remove' features are specified
- Correcting spelling errors in 'intensio_replace.py', 'intensio_obfuscation.py', 'intensio_padding.py', 'intensio_remove.py'
- Improvement of the code by adding a better management of the display of the analyzed inputs/outputs and the variables/classes/functions found.
- Delete -f --onfile and -d --multiplefiles parameters, henceforth it is necessary to pointed a directory yhat containt file(s) to obfuscate

----------------------------------